2025-04-17 23:43:43 [main] INFO  c.e.d.LoginRegisterApplicationTests - Starting LoginRegisterApplicationTests using Java 17.0.14 on TUF_F15_EGOR with PID 4332 (started by saenk in C:\Users\saenk\OneDrive\–абочий стол\практика\бакалаврська)
2025-04-17 23:43:43 [main] INFO  c.e.d.LoginRegisterApplicationTests - No active profile set, falling back to 1 default profile: "default"
2025-04-17 23:43:43 [main] DEBUG o.s.w.c.s.GenericWebApplicationContext - Refreshing org.springframework.web.context.support.GenericWebApplicationContext@5bbc9f97
2025-04-17 23:43:44 [main] INFO  o.s.d.r.c.RepositoryConfigurationDelegate - Bootstrapping Spring Data JPA repositories in DEFAULT mode.
2025-04-17 23:43:44 [main] INFO  o.s.d.r.c.RepositoryConfigurationDelegate - Finished Spring Data repository scanning in 48 ms. Found 3 JPA repository interfaces.
2025-04-17 23:43:45 [main] DEBUG org.hibernate.type.BasicTypeRegistry - Adding type registration boolean -> org.hibernate.type.BooleanType@a1691c0
2025-04-17 23:43:45 [main] DEBUG org.hibernate.type.BasicTypeRegistry - Adding type registration boolean -> org.hibernate.type.BooleanType@a1691c0
2025-04-17 23:43:45 [main] DEBUG org.hibernate.type.BasicTypeRegistry - Adding type registration java.lang.Boolean -> org.hibernate.type.BooleanType@a1691c0
2025-04-17 23:43:45 [main] DEBUG org.hibernate.type.BasicTypeRegistry - Adding type registration numeric_boolean -> org.hibernate.type.NumericBooleanType@7f0a133d
2025-04-17 23:43:45 [main] DEBUG org.hibernate.type.BasicTypeRegistry - Adding type registration true_false -> org.hibernate.type.TrueFalseType@4b765e92
2025-04-17 23:43:45 [main] DEBUG org.hibernate.type.BasicTypeRegistry - Adding type registration yes_no -> org.hibernate.type.YesNoType@622d7e4
2025-04-17 23:43:45 [main] DEBUG org.hibernate.type.BasicTypeRegistry - Adding type registration byte -> org.hibernate.type.ByteType@1310fcb0
2025-04-17 23:43:45 [main] DEBUG org.hibernate.type.BasicTypeRegistry - Adding type registration byte -> org.hibernate.type.ByteType@1310fcb0
2025-04-17 23:43:45 [main] DEBUG org.hibernate.type.BasicTypeRegistry - Adding type registration java.lang.Byte -> org.hibernate.type.ByteType@1310fcb0
2025-04-17 23:43:45 [main] DEBUG org.hibernate.type.BasicTypeRegistry - Adding type registration character -> org.hibernate.type.CharacterType@415795f3
2025-04-17 23:43:45 [main] DEBUG org.hibernate.type.BasicTypeRegistry - Adding type registration char -> org.hibernate.type.CharacterType@415795f3
2025-04-17 23:43:45 [main] DEBUG org.hibernate.type.BasicTypeRegistry - Adding type registration java.lang.Character -> org.hibernate.type.CharacterType@415795f3
2025-04-17 23:43:45 [main] DEBUG org.hibernate.type.BasicTypeRegistry - Adding type registration short -> org.hibernate.type.ShortType@100aa331
2025-04-17 23:43:45 [main] DEBUG org.hibernate.type.BasicTypeRegistry - Adding type registration short -> org.hibernate.type.ShortType@100aa331
2025-04-17 23:43:45 [main] DEBUG org.hibernate.type.BasicTypeRegistry - Adding type registration java.lang.Short -> org.hibernate.type.ShortType@100aa331
2025-04-17 23:43:45 [main] DEBUG org.hibernate.type.BasicTypeRegistry - Adding type registration integer -> org.hibernate.type.IntegerType@5460edd3
2025-04-17 23:43:45 [main] DEBUG org.hibernate.type.BasicTypeRegistry - Adding type registration int -> org.hibernate.type.IntegerType@5460edd3
2025-04-17 23:43:45 [main] DEBUG org.hibernate.type.BasicTypeRegistry - Adding type registration java.lang.Integer -> org.hibernate.type.IntegerType@5460edd3
2025-04-17 23:43:45 [main] DEBUG org.hibernate.type.BasicTypeRegistry - Adding type registration long -> org.hibernate.type.LongType@1c046c92
2025-04-17 23:43:45 [main] DEBUG org.hibernate.type.BasicTypeRegistry - Adding type registration long -> org.hibernate.type.LongType@1c046c92
2025-04-17 23:43:45 [main] DEBUG org.hibernate.type.BasicTypeRegistry - Adding type registration java.lang.Long -> org.hibernate.type.LongType@1c046c92
2025-04-17 23:43:45 [main] DEBUG org.hibernate.type.BasicTypeRegistry - Adding type registration float -> org.hibernate.type.FloatType@412ebe64
2025-04-17 23:43:45 [main] DEBUG org.hibernate.type.BasicTypeRegistry - Adding type registration float -> org.hibernate.type.FloatType@412ebe64
2025-04-17 23:43:45 [main] DEBUG org.hibernate.type.BasicTypeRegistry - Adding type registration java.lang.Float -> org.hibernate.type.FloatType@412ebe64
2025-04-17 23:43:45 [main] DEBUG org.hibernate.type.BasicTypeRegistry - Adding type registration double -> org.hibernate.type.DoubleType@599a9cb2
2025-04-17 23:43:45 [main] DEBUG org.hibernate.type.BasicTypeRegistry - Adding type registration double -> org.hibernate.type.DoubleType@599a9cb2
2025-04-17 23:43:45 [main] DEBUG org.hibernate.type.BasicTypeRegistry - Adding type registration java.lang.Double -> org.hibernate.type.DoubleType@599a9cb2
2025-04-17 23:43:45 [main] DEBUG org.hibernate.type.BasicTypeRegistry - Adding type registration big_decimal -> org.hibernate.type.BigDecimalType@4bf03fee
2025-04-17 23:43:45 [main] DEBUG org.hibernate.type.BasicTypeRegistry - Adding type registration java.math.BigDecimal -> org.hibernate.type.BigDecimalType@4bf03fee
2025-04-17 23:43:45 [main] DEBUG org.hibernate.type.BasicTypeRegistry - Adding type registration big_integer -> org.hibernate.type.BigIntegerType@7418d76e
2025-04-17 23:43:45 [main] DEBUG org.hibernate.type.BasicTypeRegistry - Adding type registration java.math.BigInteger -> org.hibernate.type.BigIntegerType@7418d76e
2025-04-17 23:43:45 [main] DEBUG org.hibernate.type.BasicTypeRegistry - Adding type registration string -> org.hibernate.type.StringType@773c2214
2025-04-17 23:43:45 [main] DEBUG org.hibernate.type.BasicTypeRegistry - Adding type registration java.lang.String -> org.hibernate.type.StringType@773c2214
2025-04-17 23:43:45 [main] DEBUG org.hibernate.type.BasicTypeRegistry - Adding type registration nstring -> org.hibernate.type.StringNVarcharType@78d23d6a
2025-04-17 23:43:45 [main] DEBUG org.hibernate.type.BasicTypeRegistry - Adding type registration ncharacter -> org.hibernate.type.CharacterNCharType@6b8d54da
2025-04-17 23:43:45 [main] DEBUG org.hibernate.type.BasicTypeRegistry - Adding type registration url -> org.hibernate.type.UrlType@697a0948
2025-04-17 23:43:45 [main] DEBUG org.hibernate.type.BasicTypeRegistry - Adding type registration java.net.URL -> org.hibernate.type.UrlType@697a0948
2025-04-17 23:43:45 [main] DEBUG org.hibernate.type.BasicTypeRegistry - Adding type registration Duration -> org.hibernate.type.DurationType@54c425b1
2025-04-17 23:43:45 [main] DEBUG org.hibernate.type.BasicTypeRegistry - Adding type registration java.time.Duration -> org.hibernate.type.DurationType@54c425b1
2025-04-17 23:43:45 [main] DEBUG org.hibernate.type.BasicTypeRegistry - Adding type registration Instant -> org.hibernate.type.InstantType@1a7cb3a4
2025-04-17 23:43:45 [main] DEBUG org.hibernate.type.BasicTypeRegistry - Adding type registration java.time.Instant -> org.hibernate.type.InstantType@1a7cb3a4
2025-04-17 23:43:45 [main] DEBUG org.hibernate.type.BasicTypeRegistry - Adding type registration LocalDateTime -> org.hibernate.type.LocalDateTimeType@491cafec
2025-04-17 23:43:45 [main] DEBUG org.hibernate.type.BasicTypeRegistry - Adding type registration java.time.LocalDateTime -> org.hibernate.type.LocalDateTimeType@491cafec
2025-04-17 23:43:45 [main] DEBUG org.hibernate.type.BasicTypeRegistry - Adding type registration LocalDate -> org.hibernate.type.LocalDateType@76a7fcbd
2025-04-17 23:43:45 [main] DEBUG org.hibernate.type.BasicTypeRegistry - Adding type registration java.time.LocalDate -> org.hibernate.type.LocalDateType@76a7fcbd
2025-04-17 23:43:45 [main] DEBUG org.hibernate.type.BasicTypeRegistry - Adding type registration LocalTime -> org.hibernate.type.LocalTimeType@480cbe2e
2025-04-17 23:43:45 [main] DEBUG org.hibernate.type.BasicTypeRegistry - Adding type registration java.time.LocalTime -> org.hibernate.type.LocalTimeType@480cbe2e
2025-04-17 23:43:45 [main] DEBUG org.hibernate.type.BasicTypeRegistry - Adding type registration OffsetDateTime -> org.hibernate.type.OffsetDateTimeType@59018eed
2025-04-17 23:43:45 [main] DEBUG org.hibernate.type.BasicTypeRegistry - Adding type registration java.time.OffsetDateTime -> org.hibernate.type.OffsetDateTimeType@59018eed
2025-04-17 23:43:45 [main] DEBUG org.hibernate.type.BasicTypeRegistry - Adding type registration OffsetTime -> org.hibernate.type.OffsetTimeType@c4d2c44
2025-04-17 23:43:45 [main] DEBUG org.hibernate.type.BasicTypeRegistry - Adding type registration java.time.OffsetTime -> org.hibernate.type.OffsetTimeType@c4d2c44
2025-04-17 23:43:45 [main] DEBUG org.hibernate.type.BasicTypeRegistry - Adding type registration ZonedDateTime -> org.hibernate.type.ZonedDateTimeType@4cffd3fd
2025-04-17 23:43:45 [main] DEBUG org.hibernate.type.BasicTypeRegistry - Adding type registration java.time.ZonedDateTime -> org.hibernate.type.ZonedDateTimeType@4cffd3fd
2025-04-17 23:43:45 [main] DEBUG org.hibernate.type.BasicTypeRegistry - Adding type registration date -> org.hibernate.type.DateType@5fffb692
2025-04-17 23:43:45 [main] DEBUG org.hibernate.type.BasicTypeRegistry - Adding type registration java.sql.Date -> org.hibernate.type.DateType@5fffb692
2025-04-17 23:43:45 [main] DEBUG org.hibernate.type.BasicTypeRegistry - Adding type registration time -> org.hibernate.type.TimeType@11c78080
2025-04-17 23:43:45 [main] DEBUG org.hibernate.type.BasicTypeRegistry - Adding type registration java.sql.Time -> org.hibernate.type.TimeType@11c78080
2025-04-17 23:43:45 [main] DEBUG org.hibernate.type.BasicTypeRegistry - Adding type registration timestamp -> org.hibernate.type.TimestampType@58278366
2025-04-17 23:43:45 [main] DEBUG org.hibernate.type.BasicTypeRegistry - Adding type registration java.sql.Timestamp -> org.hibernate.type.TimestampType@58278366
2025-04-17 23:43:45 [main] DEBUG org.hibernate.type.BasicTypeRegistry - Adding type registration java.util.Date -> org.hibernate.type.TimestampType@58278366
2025-04-17 23:43:45 [main] DEBUG org.hibernate.type.BasicTypeRegistry - Adding type registration dbtimestamp -> org.hibernate.type.DbTimestampType@552fee7a
2025-04-17 23:43:45 [main] DEBUG org.hibernate.type.BasicTypeRegistry - Adding type registration calendar -> org.hibernate.type.CalendarType@5bb911c1
2025-04-17 23:43:45 [main] DEBUG org.hibernate.type.BasicTypeRegistry - Adding type registration java.util.Calendar -> org.hibernate.type.CalendarType@5bb911c1
2025-04-17 23:43:45 [main] DEBUG org.hibernate.type.BasicTypeRegistry - Adding type registration java.util.GregorianCalendar -> org.hibernate.type.CalendarType@5bb911c1
2025-04-17 23:43:45 [main] DEBUG org.hibernate.type.BasicTypeRegistry - Adding type registration calendar_date -> org.hibernate.type.CalendarDateType@17222c11
2025-04-17 23:43:45 [main] DEBUG org.hibernate.type.BasicTypeRegistry - Adding type registration calendar_time -> org.hibernate.type.CalendarTimeType@11b5f4e2
2025-04-17 23:43:45 [main] DEBUG org.hibernate.type.BasicTypeRegistry - Adding type registration locale -> org.hibernate.type.LocaleType@739831a4
2025-04-17 23:43:45 [main] DEBUG org.hibernate.type.BasicTypeRegistry - Adding type registration java.util.Locale -> org.hibernate.type.LocaleType@739831a4
2025-04-17 23:43:45 [main] DEBUG org.hibernate.type.BasicTypeRegistry - Adding type registration currency -> org.hibernate.type.CurrencyType@7fe8c7db
2025-04-17 23:43:45 [main] DEBUG org.hibernate.type.BasicTypeRegistry - Adding type registration java.util.Currency -> org.hibernate.type.CurrencyType@7fe8c7db
2025-04-17 23:43:45 [main] DEBUG org.hibernate.type.BasicTypeRegistry - Adding type registration timezone -> org.hibernate.type.TimeZoneType@19ae2ee5
2025-04-17 23:43:45 [main] DEBUG org.hibernate.type.BasicTypeRegistry - Adding type registration java.util.TimeZone -> org.hibernate.type.TimeZoneType@19ae2ee5
2025-04-17 23:43:45 [main] DEBUG org.hibernate.type.BasicTypeRegistry - Adding type registration class -> org.hibernate.type.ClassType@118acf70
2025-04-17 23:43:45 [main] DEBUG org.hibernate.type.BasicTypeRegistry - Adding type registration java.lang.Class -> org.hibernate.type.ClassType@118acf70
2025-04-17 23:43:45 [main] DEBUG org.hibernate.type.BasicTypeRegistry - Adding type registration uuid-binary -> org.hibernate.type.UUIDBinaryType@e91af20
2025-04-17 23:43:45 [main] DEBUG org.hibernate.type.BasicTypeRegistry - Adding type registration java.util.UUID -> org.hibernate.type.UUIDBinaryType@e91af20
2025-04-17 23:43:45 [main] DEBUG org.hibernate.type.BasicTypeRegistry - Adding type registration uuid-char -> org.hibernate.type.UUIDCharType@2f95653f
2025-04-17 23:43:45 [main] DEBUG org.hibernate.type.BasicTypeRegistry - Adding type registration binary -> org.hibernate.type.BinaryType@7d9c45ee
2025-04-17 23:43:45 [main] DEBUG org.hibernate.type.BasicTypeRegistry - Adding type registration byte[] -> org.hibernate.type.BinaryType@7d9c45ee
2025-04-17 23:43:45 [main] DEBUG org.hibernate.type.BasicTypeRegistry - Adding type registration [B -> org.hibernate.type.BinaryType@7d9c45ee
2025-04-17 23:43:45 [main] DEBUG org.hibernate.type.BasicTypeRegistry - Adding type registration wrapper-binary -> org.hibernate.type.WrapperBinaryType@4001d8c1
2025-04-17 23:43:45 [main] DEBUG org.hibernate.type.BasicTypeRegistry - Adding type registration Byte[] -> org.hibernate.type.WrapperBinaryType@4001d8c1
2025-04-17 23:43:45 [main] DEBUG org.hibernate.type.BasicTypeRegistry - Adding type registration [Ljava.lang.Byte; -> org.hibernate.type.WrapperBinaryType@4001d8c1
2025-04-17 23:43:45 [main] DEBUG org.hibernate.type.BasicTypeRegistry - Adding type registration row_version -> org.hibernate.type.RowVersionType@2fc49538
2025-04-17 23:43:45 [main] DEBUG org.hibernate.type.BasicTypeRegistry - Adding type registration image -> org.hibernate.type.ImageType@7ca492d9
2025-04-17 23:43:45 [main] DEBUG org.hibernate.type.BasicTypeRegistry - Adding type registration characters -> org.hibernate.type.CharArrayType@486e9d1d
2025-04-17 23:43:45 [main] DEBUG org.hibernate.type.BasicTypeRegistry - Adding type registration char[] -> org.hibernate.type.CharArrayType@486e9d1d
2025-04-17 23:43:45 [main] DEBUG org.hibernate.type.BasicTypeRegistry - Adding type registration [C -> org.hibernate.type.CharArrayType@486e9d1d
2025-04-17 23:43:45 [main] DEBUG org.hibernate.type.BasicTypeRegistry - Adding type registration wrapper-characters -> org.hibernate.type.CharacterArrayType@1a531422
2025-04-17 23:43:45 [main] DEBUG org.hibernate.type.BasicTypeRegistry - Adding type registration [Ljava.lang.Character; -> org.hibernate.type.CharacterArrayType@1a531422
2025-04-17 23:43:45 [main] DEBUG org.hibernate.type.BasicTypeRegistry - Adding type registration Character[] -> org.hibernate.type.CharacterArrayType@1a531422
2025-04-17 23:43:45 [main] DEBUG org.hibernate.type.BasicTypeRegistry - Adding type registration text -> org.hibernate.type.TextType@4c319d52
2025-04-17 23:43:45 [main] DEBUG org.hibernate.type.BasicTypeRegistry - Adding type registration ntext -> org.hibernate.type.NTextType@6db328f8
2025-04-17 23:43:45 [main] DEBUG org.hibernate.type.BasicTypeRegistry - Adding type registration blob -> org.hibernate.type.BlobType@4a6c0f38
2025-04-17 23:43:45 [main] DEBUG org.hibernate.type.BasicTypeRegistry - Adding type registration java.sql.Blob -> org.hibernate.type.BlobType@4a6c0f38
2025-04-17 23:43:45 [main] DEBUG org.hibernate.type.BasicTypeRegistry - Adding type registration materialized_blob -> org.hibernate.type.MaterializedBlobType@5a090f62
2025-04-17 23:43:45 [main] DEBUG org.hibernate.type.BasicTypeRegistry - Adding type registration clob -> org.hibernate.type.ClobType@be164d8
2025-04-17 23:43:45 [main] DEBUG org.hibernate.type.BasicTypeRegistry - Adding type registration java.sql.Clob -> org.hibernate.type.ClobType@be164d8
2025-04-17 23:43:45 [main] DEBUG org.hibernate.type.BasicTypeRegistry - Adding type registration nclob -> org.hibernate.type.NClobType@7e52a26b
2025-04-17 23:43:45 [main] DEBUG org.hibernate.type.BasicTypeRegistry - Adding type registration java.sql.NClob -> org.hibernate.type.NClobType@7e52a26b
2025-04-17 23:43:45 [main] DEBUG org.hibernate.type.BasicTypeRegistry - Adding type registration materialized_clob -> org.hibernate.type.MaterializedClobType@b5ac0c1
2025-04-17 23:43:45 [main] DEBUG org.hibernate.type.BasicTypeRegistry - Adding type registration materialized_nclob -> org.hibernate.type.MaterializedNClobType@805e72e
2025-04-17 23:43:45 [main] DEBUG org.hibernate.type.BasicTypeRegistry - Adding type registration serializable -> org.hibernate.type.SerializableType@1472208d
2025-04-17 23:43:45 [main] DEBUG org.hibernate.type.BasicTypeRegistry - Adding type registration object -> org.hibernate.type.ObjectType@2e0fdbe9
2025-04-17 23:43:45 [main] DEBUG org.hibernate.type.BasicTypeRegistry - Adding type registration java.lang.Object -> org.hibernate.type.ObjectType@2e0fdbe9
2025-04-17 23:43:45 [main] DEBUG org.hibernate.type.BasicTypeRegistry - Adding type registration imm_date -> org.hibernate.type.AdaptedImmutableType@4f081b5d
2025-04-17 23:43:45 [main] DEBUG org.hibernate.type.BasicTypeRegistry - Adding type registration imm_time -> org.hibernate.type.AdaptedImmutableType@474749b8
2025-04-17 23:43:45 [main] DEBUG org.hibernate.type.BasicTypeRegistry - Adding type registration imm_timestamp -> org.hibernate.type.AdaptedImmutableType@740a0d5e
2025-04-17 23:43:45 [main] DEBUG org.hibernate.type.BasicTypeRegistry - Adding type registration imm_dbtimestamp -> org.hibernate.type.AdaptedImmutableType@29013ef2
2025-04-17 23:43:45 [main] DEBUG org.hibernate.type.BasicTypeRegistry - Adding type registration imm_calendar -> org.hibernate.type.AdaptedImmutableType@265c1a7c
2025-04-17 23:43:45 [main] DEBUG org.hibernate.type.BasicTypeRegistry - Adding type registration imm_calendar_date -> org.hibernate.type.AdaptedImmutableType@5b2b8d86
2025-04-17 23:43:45 [main] DEBUG org.hibernate.type.BasicTypeRegistry - Adding type registration imm_binary -> org.hibernate.type.AdaptedImmutableType@7fef0b40
2025-04-17 23:43:45 [main] DEBUG org.hibernate.type.BasicTypeRegistry - Adding type registration imm_serializable -> org.hibernate.type.AdaptedImmutableType@5f395ce1
2025-04-17 23:43:45 [main] INFO  com.zaxxer.hikari.HikariDataSource - HikariPool-1 - Starting...
2025-04-17 23:43:45 [main] INFO  com.zaxxer.hikari.HikariDataSource - HikariPool-1 - Start completed.
2025-04-17 23:43:45 [main] DEBUG o.h.type.spi.TypeConfiguration$Scope - Scoping TypeConfiguration [org.hibernate.type.spi.TypeConfiguration@795b66d] to MetadataBuildingContext [org.hibernate.boot.internal.MetadataBuildingContextRootImpl@359ceb13]
2025-04-17 23:43:45 [main] DEBUG org.hibernate.type.EnumType - Using NAMED-based conversion for Enum com.example.demo.model.Role
2025-04-17 23:43:45 [main] DEBUG org.hibernate.type.EnumType - Using NAMED-based conversion for Enum com.example.demo.model.EquipmentStatus
2025-04-17 23:43:45 [main] DEBUG o.h.type.spi.TypeConfiguration$Scope - Scoping TypeConfiguration [org.hibernate.type.spi.TypeConfiguration@795b66d] to SessionFactoryImpl [org.hibernate.internal.SessionFactoryImpl@20fcea37]
2025-04-17 23:43:46 [main] DEBUG org.hibernate.SQL - 
    
    alter table comment 
       add constraint FK1gm8ahubsi1vrrb5epp8hf4fs 
       foreign key (equipment_id) 
       references equipment (id)
2025-04-17 23:43:46 [main] DEBUG org.hibernate.SQL - 
    
    alter table equipment 
       add constraint FKfofwny0a72drwaaoeh7cw95hk 
       foreign key (assigned_user_id) 
       references users (id)
2025-04-17 23:43:46 [main] TRACE o.h.type.spi.TypeConfiguration$Scope - Handling #sessionFactoryCreated from [org.hibernate.internal.SessionFactoryImpl@20fcea37] for TypeConfiguration
2025-04-17 23:43:46 [main] INFO  o.s.o.j.LocalContainerEntityManagerFactoryBean - Initialized JPA EntityManagerFactory for persistence unit 'default'
2025-04-17 23:43:47 [main] INFO  o.s.s.web.DefaultSecurityFilterChain - Will secure any request with [org.springframework.security.web.session.DisableEncodeUrlFilter@5dd227b7, org.springframework.security.web.context.request.async.WebAsyncManagerIntegrationFilter@3d3b852e, org.springframework.security.web.context.SecurityContextPersistenceFilter@7c47b0f8, org.springframework.security.web.header.HeaderWriterFilter@2e847e71, org.springframework.security.web.authentication.logout.LogoutFilter@587400a9, org.springframework.security.web.authentication.UsernamePasswordAuthenticationFilter@69a294d8, org.springframework.security.web.savedrequest.RequestCacheAwareFilter@3afaa39f, org.springframework.security.web.servletapi.SecurityContextHolderAwareRequestFilter@7b7b1448, org.springframework.security.web.authentication.AnonymousAuthenticationFilter@14ba7f15, org.springframework.security.web.session.SessionManagementFilter@4e31b64d, org.springframework.security.web.access.ExceptionTranslationFilter@3bc18fec, org.springframework.security.web.access.intercept.FilterSecurityInterceptor@5c215642]
2025-04-17 23:43:47 [main] WARN  o.s.s.c.a.web.builders.WebSecurity - You are asking Spring Security to ignore Ant [pattern='/images/**']. This is not recommended -- please use permitAll via HttpSecurity#authorizeHttpRequests instead.
2025-04-17 23:43:47 [main] INFO  o.s.s.web.DefaultSecurityFilterChain - Will not secure Ant [pattern='/images/**']
2025-04-17 23:43:47 [main] WARN  o.s.s.c.a.web.builders.WebSecurity - You are asking Spring Security to ignore Ant [pattern='/js/**']. This is not recommended -- please use permitAll via HttpSecurity#authorizeHttpRequests instead.
2025-04-17 23:43:47 [main] INFO  o.s.s.web.DefaultSecurityFilterChain - Will not secure Ant [pattern='/js/**']
2025-04-17 23:43:47 [main] WARN  o.s.s.c.a.web.builders.WebSecurity - You are asking Spring Security to ignore Ant [pattern='/webjars/**']. This is not recommended -- please use permitAll via HttpSecurity#authorizeHttpRequests instead.
2025-04-17 23:43:47 [main] INFO  o.s.s.web.DefaultSecurityFilterChain - Will not secure Ant [pattern='/webjars/**']
2025-04-17 23:43:47 [main] WARN  o.s.b.a.o.j.JpaBaseConfiguration$JpaWebConfiguration - spring.jpa.open-in-view is enabled by default. Therefore, database queries may be performed during view rendering. Explicitly configure spring.jpa.open-in-view to disable this warning
2025-04-17 23:43:47 [main] DEBUG o.s.w.s.m.m.a.RequestMappingHandlerAdapter - ControllerAdvice beans: 0 @ModelAttribute, 0 @InitBinder, 1 RequestBodyAdvice, 1 ResponseBodyAdvice
2025-04-17 23:43:47 [main] DEBUG o.s.w.s.m.m.a.RequestMappingHandlerMapping - 13 mappings in 'requestMappingHandlerMapping'
2025-04-17 23:43:47 [main] DEBUG o.s.w.s.h.SimpleUrlHandlerMapping - Patterns [/, /access-denied, /about-us] in 'viewControllerHandlerMapping'
2025-04-17 23:43:47 [main] DEBUG o.s.w.s.h.SimpleUrlHandlerMapping - Patterns [/webjars/**, /**] in 'resourceHandlerMapping'
2025-04-17 23:43:47 [main] DEBUG o.s.w.s.m.m.a.ExceptionHandlerExceptionResolver - ControllerAdvice beans: 0 @ExceptionHandler, 1 ResponseBodyAdvice
2025-04-17 23:43:48 [main] INFO  c.e.d.LoginRegisterApplicationTests - Started LoginRegisterApplicationTests in 4.585 seconds (JVM running for 5.226)
2025-04-17 23:43:48 [SpringApplicationShutdownHook] DEBUG o.s.w.c.s.GenericWebApplicationContext - Closing org.springframework.web.context.support.GenericWebApplicationContext@5bbc9f97, started on Thu Apr 17 23:43:43 EEST 2025
2025-04-17 23:43:48 [SpringApplicationShutdownHook] INFO  o.s.o.j.LocalContainerEntityManagerFactoryBean - Closing JPA EntityManagerFactory for persistence unit 'default'
2025-04-17 23:43:48 [SpringApplicationShutdownHook] TRACE o.h.type.spi.TypeConfiguration$Scope - Handling #sessionFactoryClosed from [org.hibernate.internal.SessionFactoryImpl@20fcea37] for TypeConfiguration
2025-04-17 23:43:48 [SpringApplicationShutdownHook] DEBUG o.h.type.spi.TypeConfiguration$Scope - Un-scoping TypeConfiguration [org.hibernate.type.spi.TypeConfiguration$Scope@7d0ef8b8] from SessionFactory [org.hibernate.internal.SessionFactoryImpl@20fcea37]
2025-04-17 23:43:48 [SpringApplicationShutdownHook] INFO  com.zaxxer.hikari.HikariDataSource - HikariPool-1 - Shutdown initiated...
2025-04-17 23:43:48 [SpringApplicationShutdownHook] INFO  com.zaxxer.hikari.HikariDataSource - HikariPool-1 - Shutdown completed.
